<?xml version="1.0" encoding="UTF-8"?>
<testng-results ignored="0" total="1" passed="1" failed="0" skipped="0">
  <reporter-output>
  </reporter-output>
  <suite started-at="2026-04-25T16:55:47 EDT" name="Default suite" finished-at="2026-04-25T16:55:57 EDT" duration-ms="9777">
    <groups>
      <group name="cucumber">
        <method signature="AbstractTestNGCucumberTests.runScenario(io.cucumber.testng.PickleWrapper,io.cucumber.testng.FeatureWrapper)[pri:0, instance:com.gdit.runners.TestRunner@7494f96a]" name="runScenario" class="io.cucumber.testng.AbstractTestNGCucumberTests"/>
      </group> <!-- cucumber -->
    </groups>
    <test started-at="2026-04-25T16:55:47 EDT" name="Default test" finished-at="2026-04-25T16:55:57 EDT" duration-ms="9777">
      <class name="com.gdit.runners.TestRunner">
        <test-method is-config="true" signature="setUpClass(org.testng.ITestContext)[pri:0, instance:com.gdit.runners.TestRunner@7494f96a]" started-at="2026-04-25T16:55:47 EDT" name="setUpClass" finished-at="2026-04-25T16:55:48 EDT" duration-ms="400" status="PASS">
          <params>
            <param index="0">
              <value>
                <![CDATA[org.testng.TestRunner@54af3cb9]]>
              </value>
            </param>
          </params>
          <reporter-output>
          </reporter-output>
        </test-method> <!-- setUpClass -->
        <test-method signature="runScenario(io.cucumber.testng.PickleWrapper,io.cucumber.testng.FeatureWrapper)[pri:0, instance:com.gdit.runners.TestRunner@7494f96a]" started-at="2026-04-25T16:55:48 EDT" name="runScenario" description="Runs Cucumber Scenarios" data-provider="scenarios" finished-at="2026-04-25T16:55:57 EDT" duration-ms="9201" status="PASS">
          <params>
            <param index="0">
              <value>
                <![CDATA["User submits a job application"]]>
              </value>
            </param>
            <param index="1">
              <value>
                <![CDATA["Apply for job"]]>
              </value>
            </param>
          </params>
          <reporter-output>
          </reporter-output>
        </test-method> <!-- runScenario -->
        <test-method is-config="true" signature="tearDownClass()[pri:0, instance:com.gdit.runners.TestRunner@7494f96a]" started-at="2026-04-25T16:55:57 EDT" name="tearDownClass" finished-at="2026-04-25T16:55:57 EDT" duration-ms="151" status="PASS">
          <reporter-output>
          </reporter-output>
        </test-method> <!-- tearDownClass -->
      </class> <!-- com.gdit.runners.TestRunner -->
    </test> <!-- Default test -->
  </suite> <!-- Default suite -->
</testng-results>
